Using pre-set license
Built from '2023.2/china_unity/15f1' branch; Version is '2023.2.15f1c1 (e1c33f7b418c) revision 14795583'; Using compiler version '193431935'; Build Type 'Release'
OS: 'Windows 10  (10.0.19045) 64bit CoreCountrySpecific' Language: 'zh' Physical Memory: 32641 MB
BatchMode: 1, IsHumanControllingUs: 0, StartBugReporterOnCrash: 0, Is64bit: 1, IsPro: 1

COMMAND LINE ARGUMENTS:
C:\Program Files\Unity\Hub\Editor\2023.2.15f1c1\Editor\Unity.exe
-adb2
-batchMode
-noUpm
-name
AssetImportWorker4
-projectPath
D:/UnityProject/QFrameworkLearnProject/AmorHero/AmorHero
-logFile
Logs/AssetImportWorker4.log
-srvPort
62106
-job-worker-count
5
-background-job-worker-count
8
-asset-garbage-collectors
1
Successfully changed project path to: D:/UnityProject/QFrameworkLearnProject/AmorHero/AmorHero
D:/UnityProject/QFrameworkLearnProject/AmorHero/AmorHero
[UnityMemory] Configuration Parameters - Can be set up in boot.config
    "memorysetup-bucket-allocator-granularity=16"
    "memorysetup-bucket-allocator-bucket-count=8"
    "memorysetup-bucket-allocator-block-size=33554432"
    "memorysetup-bucket-allocator-block-count=8"
    "memorysetup-main-allocator-block-size=16777216"
    "memorysetup-thread-allocator-block-size=16777216"
    "memorysetup-gfx-main-allocator-block-size=16777216"
    "memorysetup-gfx-thread-allocator-block-size=16777216"
    "memorysetup-cache-allocator-block-size=4194304"
    "memorysetup-typetree-allocator-block-size=2097152"
    "memorysetup-profiler-bucket-allocator-granularity=16"
    "memorysetup-profiler-bucket-allocator-bucket-count=8"
    "memorysetup-profiler-bucket-allocator-block-size=33554432"
    "memorysetup-profiler-bucket-allocator-block-count=8"
    "memorysetup-profiler-allocator-block-size=16777216"
    "memorysetup-profiler-editor-allocator-block-size=1048576"
    "memorysetup-temp-allocator-size-main=16777216"
    "memorysetup-job-temp-allocator-block-size=2097152"
    "memorysetup-job-temp-allocator-block-size-background=1048576"
    "memorysetup-job-temp-allocator-reduction-small-platforms=262144"
    "memorysetup-allocator-temp-initial-block-size-main=262144"
    "memorysetup-allocator-temp-initial-block-size-worker=262144"
    "memorysetup-temp-allocator-size-background-worker=32768"
    "memorysetup-temp-allocator-size-job-worker=262144"
    "memorysetup-temp-allocator-size-preload-manager=33554432"
    "memorysetup-temp-allocator-size-nav-mesh-worker=65536"
    "memorysetup-temp-allocator-size-audio-worker=65536"
    "memorysetup-temp-allocator-size-cloud-worker=32768"
    "memorysetup-temp-allocator-size-gi-baking-worker=262144"
    "memorysetup-temp-allocator-size-gi-baking-worker=262144"
    "memorysetup-temp-allocator-size-gi-baking-worker=262144"
    "memorysetup-temp-allocator-size-gi-baking-worker=262144"
    "memorysetup-temp-allocator-size-gfx=262144"
Player connection [25196] Host "[IP] 192.168.194.144 [Port] 0 [Flags] 2 [Guid] 1856135064 [EditorId] 1856135064 [Version] 1048832 [Id] WindowsEditor(7,LAPTOP-SPHULIJF) [Debug] 1 [PackageName] WindowsEditor [ProjectName] Editor" joined multi-casting on [225.0.0.222:54997]...
Player connection [25196] Host "[IP] 192.168.194.144 [Port] 0 [Flags] 2 [Guid] 1856135064 [EditorId] 1856135064 [Version] 1048832 [Id] WindowsEditor(7,LAPTOP-SPHULIJF) [Debug] 1 [PackageName] WindowsEditor [ProjectName] Editor" joined alternative multi-casting on [225.0.0.222:34997]...
JobSystem: Creating JobQueue using job-worker-count value 5
[Physics::Module] Initialized MultithreadedJobDispatcher with 5 workers.
Library Redirect Path: Library/
Refreshing native plugins compatible for Editor in 1.21 ms, found 4 plugins.
Preloading 0 native plugins for Editor in 0.00 ms.
Initialize engine version: 2023.2.15f1c1 (e1c33f7b418c)
[Subsystems] Discovering subsystems at path C:/Program Files/Unity/Hub/Editor/2023.2.15f1c1/Editor/Data/Resources/UnitySubsystems
[Subsystems] Discovering subsystems at path D:/UnityProject/QFrameworkLearnProject/AmorHero/AmorHero/Assets
GfxDevice: creating device client; kGfxThreadingModeNonThreaded
Direct3D:
    Version:  Direct3D 11.0 [level 11.1]
    Renderer: NVIDIA GeForce RTX 2060 (ID=0x1f15)
    Vendor:   NVIDIA
    VRAM:     5955 MB
    Driver:   31.0.15.5176
Initialize mono
Mono path[0] = 'C:/Program Files/Unity/Hub/Editor/2023.2.15f1c1/Editor/Data/Managed'
Mono path[1] = 'C:/Program Files/Unity/Hub/Editor/2023.2.15f1c1/Editor/Data/MonoBleedingEdge/lib/mono/unityjit-win32'
Mono config path = 'C:/Program Files/Unity/Hub/Editor/2023.2.15f1c1/Editor/Data/MonoBleedingEdge/etc'
Using monoOptions --debugger-agent=transport=dt_socket,embedding=1,server=y,suspend=n,address=127.0.0.1:56332
Begin MonoManager ReloadAssembly
C:\build\output\Unity-Technologies\mono\mono\metadata\icall.c:1842:
C:\build\output\Unity-Technologies\mono\mono\metadata\icall.c:1842:
C:\build\output\Unity-Technologies\mono\mono\metadata\icall.c:1842:
C:\build\output\Unity-Technologies\mono\mono\metadata\icall.c:1842:
C:\build\output\Unity-Technologies\mono\mono\metadata\icall.c:1842:
C:\build\output\Unity-Technologies\mono\mono\metadata\icall.c:1842:
C:\build\output\Unity-Technologies\mono\mono\metadata\icall.c:1842:
C:\build\output\Unity-Technologies\mono\mono\metadata\icall.c:1842:
C:\build\output\Unity-Technologies\mono\mono\metadata\icall.c:1842:
C:\build\output\Unity-Technologies\mono\mono\metadata\icall.c:1842:
Registering precompiled unity dll's ...
Register platform support module: C:/Program Files/Unity/Hub/Editor/2023.2.15f1c1/Editor/Data/PlaybackEngines/WindowsStandaloneSupport/UnityEditor.WindowsStandalone.Extensions.dll
Registered in 0.002758 seconds.
- Loaded All Assemblies, in  0.403 seconds
Native extension for WindowsStandalone target not found
Mono: successfully reloaded assembly
C:\build\output\Unity-Technologies\mono\mono\metadata\icall.c:1842:
C:\build\output\Unity-Technologies\mono\mono\metadata\icall.c:1842:
- Finished resetting the current domain, in  0.328 seconds
Domain Reload Profiling: 729ms
	BeginReloadAssembly (129ms)
		ExecutionOrderSort (0ms)
		DisableScriptedObjects (0ms)
		BackupInstance (0ms)
		ReleaseScriptingObjects (0ms)
		CreateAndSetChildDomain (1ms)
	RebuildCommonClasses (38ms)
	RebuildNativeTypeToScriptingClass (14ms)
	initialDomainReloadingComplete (50ms)
	LoadAllAssembliesAndSetupDomain (169ms)
		LoadAssemblies (126ms)
		RebuildTransferFunctionScriptingTraits (0ms)
		AnalyzeDomain (167ms)
			TypeCache.Refresh (166ms)
				TypeCache.ScanAssembly (152ms)
			BuildScriptInfoCaches (0ms)
			ResolveRequiredComponents (0ms)
	FinalizeReload (328ms)
		ReleaseScriptCaches (0ms)
		RebuildScriptCaches (0ms)
		SetupLoadedEditorAssemblies (263ms)
			LogAssemblyErrors (0ms)
			InitializePlatformSupportModulesInManaged (9ms)
			SetLoadedEditorAssemblies (5ms)
			BeforeProcessingInitializeOnLoad (6ms)
			ProcessInitializeOnLoadAttributes (193ms)
			ProcessInitializeOnLoadMethodAttributes (50ms)
			AfterProcessingInitializeOnLoad (0ms)
			EditorAssembliesLoaded (0ms)
		ExecutionOrderSort2 (0ms)
		AwakeInstancesAfterBackupRestoration (0ms)
========================================================================
Worker process is ready to serve import requests
Import Worker Mode flag is 0x00
Begin MonoManager ReloadAssembly
C:\build\output\Unity-Technologies\mono\mono\metadata\icall.c:1842:
C:\build\output\Unity-Technologies\mono\mono\metadata\icall.c:1842:
C:\build\output\Unity-Technologies\mono\mono\metadata\icall.c:1842:
C:\build\output\Unity-Technologies\mono\mono\metadata\icall.c:1842:
C:\build\output\Unity-Technologies\mono\mono\metadata\icall.c:1842:
C:\build\output\Unity-Technologies\mono\mono\metadata\icall.c:1842:
C:\build\output\Unity-Technologies\mono\mono\metadata\icall.c:1842:
C:\build\output\Unity-Technologies\mono\mono\metadata\icall.c:1842:
C:\build\output\Unity-Technologies\mono\mono\metadata\icall.c:1842:
C:\build\output\Unity-Technologies\mono\mono\metadata\icall.c:1842:
C:\build\output\Unity-Technologies\mono\mono\metadata\icall.c:1842:
C:\build\output\Unity-Technologies\mono\mono\metadata\icall.c:1842:
Symbol file LoadedFromMemory doesn't match image D:\UnityProject\QFrameworkLearnProject\AmorHero\AmorHero\Library\PackageCache\com.unity.visualscripting@1.8.0\Editor\VisualScripting.Core\Dependencies\YamlDotNet\Unity.VisualScripting.YamlDotNet.dll
Symbol file LoadedFromMemory doesn't match image D:\UnityProject\QFrameworkLearnProject\AmorHero\AmorHero\Library\PackageCache\com.unity.visualscripting@1.8.0\Editor\VisualScripting.Core\Dependencies\DotNetZip\Unity.VisualScripting.IonicZip.dll
- Loaded All Assemblies, in  0.965 seconds
Refreshing native plugins compatible for Editor in 0.75 ms, found 4 plugins.
Native extension for WindowsStandalone target not found
CreateSerializedAsset is not supported while importing out-of-process
UnityEngine.Debug:ExtractStackTraceNoAlloc (byte*,int,string)
UnityEngine.StackTraceUtility:ExtractStackTrace ()
UnityEditor.AssetDatabase:CreateAsset (UnityEngine.Object,string)
StartUp:CreatePropDataByExcel () (at Assets/Editor/ReadTable.cs:145)
StartUp:.cctor () (at Assets/Editor/ReadTable.cs:16)
System.Runtime.CompilerServices.RuntimeHelpers:RunClassConstructor (System.RuntimeTypeHandle)
UnityEditor.EditorAssemblies:ProcessInitializeOnLoadAttributes (System.Type[])

[Assets/Editor/ReadTable.cs line 145]

UnityEngine.UnityException: Creating asset at path Assets/Resource/Prop.asset failed.
  at (wrapper managed-to-native) UnityEditor.AssetDatabase.CreateAsset_Injected(intptr,UnityEngine.Bindings.ManagedSpanWrapper&)
  at UnityEditor.AssetDatabase.CreateAsset (UnityEngine.Object asset, System.String path) [0x0004d] in <2d48f4b436c04a3cb7166f19e93de59e>:0 
  at StartUp.CreatePropDataByExcel () [0x001b8] in D:\UnityProject\QFrameworkLearnProject\AmorHero\AmorHero\Assets\Editor\ReadTable.cs:145 
  at StartUp..cctor () [0x00000] in D:\UnityProject\QFrameworkLearnProject\AmorHero\AmorHero\Assets\Editor\ReadTable.cs:16 
UnityEngine.Debug:ExtractStackTraceNoAlloc (byte*,int,string)
UnityEngine.StackTraceUtility:ExtractStackTrace ()
UnityEngine.DebugLogHandler:Internal_Log (UnityEngine.LogType,UnityEngine.LogOption,string,UnityEngine.Object)
UnityEngine.DebugLogHandler:LogFormat (UnityEngine.LogType,UnityEngine.Object,string,object[])
UnityEngine.Logger:Log (UnityEngine.LogType,object)
UnityEngine.Debug:LogError (object)
UnityEditor.EditorAssemblies:ProcessInitializeOnLoadAttributes (System.Type[])

Refreshing native plugins compatible for Editor in 0.80 ms, found 4 plugins.
Mono: successfully reloaded assembly
- Finished resetting the current domain, in  0.978 seconds
Domain Reload Profiling: 1940ms
	BeginReloadAssembly (337ms)
		ExecutionOrderSort (0ms)
		DisableScriptedObjects (6ms)
		BackupInstance (0ms)
		ReleaseScriptingObjects (0ms)
		CreateAndSetChildDomain (31ms)
	RebuildCommonClasses (39ms)
	RebuildNativeTypeToScriptingClass (14ms)
	initialDomainReloadingComplete (40ms)
	LoadAllAssembliesAndSetupDomain (533ms)
		LoadAssemblies (344ms)
		RebuildTransferFunctionScriptingTraits (0ms)
		AnalyzeDomain (290ms)
			TypeCache.Refresh (229ms)
				TypeCache.ScanAssembly (212ms)
			BuildScriptInfoCaches (45ms)
			ResolveRequiredComponents (13ms)
	FinalizeReload (978ms)
		ReleaseScriptCaches (0ms)
		RebuildScriptCaches (0ms)
		SetupLoadedEditorAssemblies (736ms)
			LogAssemblyErrors (0ms)
			InitializePlatformSupportModulesInManaged (2ms)
			SetLoadedEditorAssemblies (4ms)
			BeforeProcessingInitializeOnLoad (70ms)
			ProcessInitializeOnLoadAttributes (547ms)
			ProcessInitializeOnLoadMethodAttributes (108ms)
			AfterProcessingInitializeOnLoad (5ms)
			EditorAssembliesLoaded (0ms)
		ExecutionOrderSort2 (0ms)
		AwakeInstancesAfterBackupRestoration (8ms)
Launched and connected shader compiler UnityShaderCompiler.exe after 0.01 seconds
Refreshing native plugins compatible for Editor in 0.78 ms, found 4 plugins.
Preloading 0 native plugins for Editor in 0.00 ms.
Unloading 193 Unused Serialized files (Serialized files now loaded: 0)
Unloading 7268 unused Assets / (6.0 MB). Loaded Objects now: 7970.
Memory consumption went from 194.1 MB to 188.0 MB.
Total: 10.621700 ms (FindLiveObjects: 0.898300 ms CreateObjectMapping: 1.291600 ms MarkObjects: 5.210900 ms  DeleteObjects: 3.220200 ms)

========================================================================
Received Prepare
Begin MonoManager ReloadAssembly
C:\build\output\Unity-Technologies\mono\mono\metadata\icall.c:1842:
C:\build\output\Unity-Technologies\mono\mono\metadata\icall.c:1842:
C:\build\output\Unity-Technologies\mono\mono\metadata\icall.c:1842:
C:\build\output\Unity-Technologies\mono\mono\metadata\icall.c:1842:
C:\build\output\Unity-Technologies\mono\mono\metadata\icall.c:1842:
C:\build\output\Unity-Technologies\mono\mono\metadata\icall.c:1842:
C:\build\output\Unity-Technologies\mono\mono\metadata\icall.c:1842:
C:\build\output\Unity-Technologies\mono\mono\metadata\icall.c:1842:
C:\build\output\Unity-Technologies\mono\mono\metadata\icall.c:1842:
C:\build\output\Unity-Technologies\mono\mono\metadata\icall.c:1842:
C:\build\output\Unity-Technologies\mono\mono\metadata\icall.c:1842:
C:\build\output\Unity-Technologies\mono\mono\metadata\icall.c:1842:
Symbol file LoadedFromMemory doesn't match image D:\UnityProject\QFrameworkLearnProject\AmorHero\AmorHero\Library\PackageCache\com.unity.visualscripting@1.8.0\Editor\VisualScripting.Core\Dependencies\YamlDotNet\Unity.VisualScripting.YamlDotNet.dll
Symbol file LoadedFromMemory doesn't match image D:\UnityProject\QFrameworkLearnProject\AmorHero\AmorHero\Library\PackageCache\com.unity.visualscripting@1.8.0\Editor\VisualScripting.Core\Dependencies\DotNetZip\Unity.VisualScripting.IonicZip.dll
- Loaded All Assemblies, in  0.822 seconds
Refreshing native plugins compatible for Editor in 0.78 ms, found 4 plugins.
Native extension for WindowsStandalone target not found
CreateSerializedAsset is not supported while importing out-of-process
UnityEngine.Debug:ExtractStackTraceNoAlloc (byte*,int,string)
UnityEngine.StackTraceUtility:ExtractStackTrace ()
UnityEditor.AssetDatabase:CreateAsset (UnityEngine.Object,string)
StartUp:CreatePropDataByExcel () (at Assets/Editor/ReadTable.cs:145)
StartUp:.cctor () (at Assets/Editor/ReadTable.cs:16)
System.Runtime.CompilerServices.RuntimeHelpers:RunClassConstructor (System.RuntimeTypeHandle)
UnityEditor.EditorAssemblies:ProcessInitializeOnLoadAttributes (System.Type[])

[Assets/Editor/ReadTable.cs line 145]

UnityEngine.UnityException: Creating asset at path Assets/Resource/Prop.asset failed.
  at (wrapper managed-to-native) UnityEditor.AssetDatabase.CreateAsset_Injected(intptr,UnityEngine.Bindings.ManagedSpanWrapper&)
  at UnityEditor.AssetDatabase.CreateAsset (UnityEngine.Object asset, System.String path) [0x0004d] in <2d48f4b436c04a3cb7166f19e93de59e>:0 
  at StartUp.CreatePropDataByExcel () [0x001b8] in D:\UnityProject\QFrameworkLearnProject\AmorHero\AmorHero\Assets\Editor\ReadTable.cs:145 
  at StartUp..cctor () [0x00000] in D:\UnityProject\QFrameworkLearnProject\AmorHero\AmorHero\Assets\Editor\ReadTable.cs:16 
UnityEngine.Debug:ExtractStackTraceNoAlloc (byte*,int,string)
UnityEngine.StackTraceUtility:ExtractStackTrace ()
UnityEngine.DebugLogHandler:Internal_Log (UnityEngine.LogType,UnityEngine.LogOption,string,UnityEngine.Object)
UnityEngine.DebugLogHandler:LogFormat (UnityEngine.LogType,UnityEngine.Object,string,object[])
UnityEngine.Logger:Log (UnityEngine.LogType,object)
UnityEngine.Debug:LogError (object)
UnityEditor.EditorAssemblies:ProcessInitializeOnLoadAttributes (System.Type[])

Mono: successfully reloaded assembly
- Finished resetting the current domain, in  1.146 seconds
Domain Reload Profiling: 1968ms
	BeginReloadAssembly (222ms)
		ExecutionOrderSort (0ms)
		DisableScriptedObjects (13ms)
		BackupInstance (0ms)
		ReleaseScriptingObjects (0ms)
		CreateAndSetChildDomain (58ms)
	RebuildCommonClasses (44ms)
	RebuildNativeTypeToScriptingClass (17ms)
	initialDomainReloadingComplete (29ms)
	LoadAllAssembliesAndSetupDomain (510ms)
		LoadAssemblies (378ms)
		RebuildTransferFunctionScriptingTraits (0ms)
		AnalyzeDomain (238ms)
			TypeCache.Refresh (10ms)
				TypeCache.ScanAssembly (0ms)
			BuildScriptInfoCaches (209ms)
			ResolveRequiredComponents (15ms)
	FinalizeReload (1146ms)
		ReleaseScriptCaches (0ms)
		RebuildScriptCaches (0ms)
		SetupLoadedEditorAssemblies (840ms)
			LogAssemblyErrors (0ms)
			InitializePlatformSupportModulesInManaged (4ms)
			SetLoadedEditorAssemblies (6ms)
			BeforeProcessingInitializeOnLoad (97ms)
			ProcessInitializeOnLoadAttributes (586ms)
			ProcessInitializeOnLoadMethodAttributes (140ms)
			AfterProcessingInitializeOnLoad (6ms)
			EditorAssembliesLoaded (0ms)
		ExecutionOrderSort2 (0ms)
		AwakeInstancesAfterBackupRestoration (21ms)
Refreshing native plugins compatible for Editor in 0.93 ms, found 4 plugins.
Preloading 0 native plugins for Editor in 0.00 ms.
Unloading 22 Unused Serialized files (Serialized files now loaded: 0)
Unloading 7266 unused Assets / (5.8 MB). Loaded Objects now: 7973.
Memory consumption went from 170.3 MB to 164.5 MB.
Total: 14.895200 ms (FindLiveObjects: 1.168100 ms CreateObjectMapping: 1.825800 ms MarkObjects: 6.717400 ms  DeleteObjects: 5.182600 ms)

Prepare: number of updated asset objects reloaded= 0
========================================================================
Received Import Request.
  Time since last request: 116545.719026 seconds.
  path: Assets/Art/UIPrefab/PropShopPanel.prefab
  artifactKey: Guid(d75868344e0f69b4ebd6b7b71849163d) Importer(815301076,1909f56bfc062723c751e8b465ee728b)
Start importing Assets/Art/UIPrefab/PropShopPanel.prefab using Guid(d75868344e0f69b4ebd6b7b71849163d) Importer(815301076,1909f56bfc062723c751e8b465ee728b) (PreviewImporter) -> (artifact id: 'ce923ba5ede4a52d9286bebcd7cce302') in 0.052283 seconds
Number of updated asset objects reloaded before import = 0Number of asset objects unloaded after import = 66

========================================================================
Received Import Request.
  Time since last request: 11.219785 seconds.
  path: Assets/Scenes/TestUIPanels/TestHUDPanel.unity
  artifactKey: Guid(d98ca739fbf8cff46a7fc044cd930437) Importer(815301076,1909f56bfc062723c751e8b465ee728b)
Start importing Assets/Scenes/TestUIPanels/TestHUDPanel.unity using Guid(d98ca739fbf8cff46a7fc044cd930437) Importer(815301076,1909f56bfc062723c751e8b465ee728b) (PreviewImporter) -> (artifact id: '50ac249afea80a28d4f52220e547a5d8') in 0.0005935 seconds
Number of updated asset objects reloaded before import = 0Number of asset objects unloaded after import = 0

========================================================================
Received Import Request.
  Time since last request: 17.789015 seconds.
  path: Assets/Art/UIPrefab/HUDPanel.prefab
  artifactKey: Guid(8caff8ed8133ea54a8d62e35775c80e1) Importer(815301076,1909f56bfc062723c751e8b465ee728b)
Start importing Assets/Art/UIPrefab/HUDPanel.prefab using Guid(8caff8ed8133ea54a8d62e35775c80e1) Importer(815301076,1909f56bfc062723c751e8b465ee728b) (PreviewImporter) -> (artifact id: 'eaa93d2f1a603da39a79b28ba790d843') in 0.0030553 seconds
Number of updated asset objects reloaded before import = 0Number of asset objects unloaded after import = 30

========================================================================
Received Prepare
Refreshing native plugins compatible for Editor in 1.14 ms, found 4 plugins.
Preloading 0 native plugins for Editor in 0.00 ms.
Unloading 21 Unused Serialized files (Serialized files now loaded: 0)
Unloading 7257 unused Assets / (5.8 MB). Loaded Objects now: 7978.
Memory consumption went from 169.9 MB to 164.2 MB.
Total: 16.701200 ms (FindLiveObjects: 1.358000 ms CreateObjectMapping: 1.989600 ms MarkObjects: 8.928600 ms  DeleteObjects: 4.423200 ms)

Prepare: number of updated asset objects reloaded= 0
========================================================================
Received Prepare
Begin MonoManager ReloadAssembly
C:\build\output\Unity-Technologies\mono\mono\metadata\icall.c:1842:
C:\build\output\Unity-Technologies\mono\mono\metadata\icall.c:1842:
C:\build\output\Unity-Technologies\mono\mono\metadata\icall.c:1842:
C:\build\output\Unity-Technologies\mono\mono\metadata\icall.c:1842:
C:\build\output\Unity-Technologies\mono\mono\metadata\icall.c:1842:
C:\build\output\Unity-Technologies\mono\mono\metadata\icall.c:1842:
C:\build\output\Unity-Technologies\mono\mono\metadata\icall.c:1842:
C:\build\output\Unity-Technologies\mono\mono\metadata\icall.c:1842:
C:\build\output\Unity-Technologies\mono\mono\metadata\icall.c:1842:
C:\build\output\Unity-Technologies\mono\mono\metadata\icall.c:1842:
C:\build\output\Unity-Technologies\mono\mono\metadata\icall.c:1842:
C:\build\output\Unity-Technologies\mono\mono\metadata\icall.c:1842:
Symbol file LoadedFromMemory doesn't match image D:\UnityProject\QFrameworkLearnProject\AmorHero\AmorHero\Library\PackageCache\com.unity.visualscripting@1.8.0\Editor\VisualScripting.Core\Dependencies\YamlDotNet\Unity.VisualScripting.YamlDotNet.dll
Symbol file LoadedFromMemory doesn't match image D:\UnityProject\QFrameworkLearnProject\AmorHero\AmorHero\Library\PackageCache\com.unity.visualscripting@1.8.0\Editor\VisualScripting.Core\Dependencies\DotNetZip\Unity.VisualScripting.IonicZip.dll
- Loaded All Assemblies, in  0.830 seconds
Refreshing native plugins compatible for Editor in 0.78 ms, found 4 plugins.
Native extension for WindowsStandalone target not found
CreateSerializedAsset is not supported while importing out-of-process
UnityEngine.Debug:ExtractStackTraceNoAlloc (byte*,int,string)
UnityEngine.StackTraceUtility:ExtractStackTrace ()
UnityEditor.AssetDatabase:CreateAsset (UnityEngine.Object,string)
StartUp:CreatePropDataByExcel () (at Assets/Editor/ReadTable.cs:145)
StartUp:.cctor () (at Assets/Editor/ReadTable.cs:16)
System.Runtime.CompilerServices.RuntimeHelpers:RunClassConstructor (System.RuntimeTypeHandle)
UnityEditor.EditorAssemblies:ProcessInitializeOnLoadAttributes (System.Type[])

[Assets/Editor/ReadTable.cs line 145]

UnityEngine.UnityException: Creating asset at path Assets/Resource/Prop.asset failed.
  at (wrapper managed-to-native) UnityEditor.AssetDatabase.CreateAsset_Injected(intptr,UnityEngine.Bindings.ManagedSpanWrapper&)
  at UnityEditor.AssetDatabase.CreateAsset (UnityEngine.Object asset, System.String path) [0x0004d] in <2d48f4b436c04a3cb7166f19e93de59e>:0 
  at StartUp.CreatePropDataByExcel () [0x001b8] in D:\UnityProject\QFrameworkLearnProject\AmorHero\AmorHero\Assets\Editor\ReadTable.cs:145 
  at StartUp..cctor () [0x00000] in D:\UnityProject\QFrameworkLearnProject\AmorHero\AmorHero\Assets\Editor\ReadTable.cs:16 
UnityEngine.Debug:ExtractStackTraceNoAlloc (byte*,int,string)
UnityEngine.StackTraceUtility:ExtractStackTrace ()
UnityEngine.DebugLogHandler:Internal_Log (UnityEngine.LogType,UnityEngine.LogOption,string,UnityEngine.Object)
UnityEngine.DebugLogHandler:LogFormat (UnityEngine.LogType,UnityEngine.Object,string,object[])
UnityEngine.Logger:Log (UnityEngine.LogType,object)
UnityEngine.Debug:LogError (object)
UnityEditor.EditorAssemblies:ProcessInitializeOnLoadAttributes (System.Type[])

Mono: successfully reloaded assembly
- Finished resetting the current domain, in  1.022 seconds
Domain Reload Profiling: 1853ms
	BeginReloadAssembly (226ms)
		ExecutionOrderSort (0ms)
		DisableScriptedObjects (14ms)
		BackupInstance (0ms)
		ReleaseScriptingObjects (0ms)
		CreateAndSetChildDomain (58ms)
	RebuildCommonClasses (46ms)
	RebuildNativeTypeToScriptingClass (17ms)
	initialDomainReloadingComplete (32ms)
	LoadAllAssembliesAndSetupDomain (510ms)
		LoadAssemblies (377ms)
		RebuildTransferFunctionScriptingTraits (0ms)
		AnalyzeDomain (239ms)
			TypeCache.Refresh (13ms)
				TypeCache.ScanAssembly (1ms)
			BuildScriptInfoCaches (205ms)
			ResolveRequiredComponents (19ms)
	FinalizeReload (1023ms)
		ReleaseScriptCaches (0ms)
		RebuildScriptCaches (0ms)
		SetupLoadedEditorAssemblies (749ms)
			LogAssemblyErrors (0ms)
			InitializePlatformSupportModulesInManaged (2ms)
			SetLoadedEditorAssemblies (4ms)
			BeforeProcessingInitializeOnLoad (83ms)
			ProcessInitializeOnLoadAttributes (531ms)
			ProcessInitializeOnLoadMethodAttributes (123ms)
			AfterProcessingInitializeOnLoad (5ms)
			EditorAssembliesLoaded (0ms)
		ExecutionOrderSort2 (0ms)
		AwakeInstancesAfterBackupRestoration (18ms)
Refreshing native plugins compatible for Editor in 0.87 ms, found 4 plugins.
Preloading 0 native plugins for Editor in 0.00 ms.
Unloading 21 Unused Serialized files (Serialized files now loaded: 0)
Unloading 7266 unused Assets / (6.5 MB). Loaded Objects now: 7979.
Memory consumption went from 172.7 MB to 166.2 MB.
Total: 12.857300 ms (FindLiveObjects: 1.131500 ms CreateObjectMapping: 1.527200 ms MarkObjects: 5.300900 ms  DeleteObjects: 4.896700 ms)

Prepare: number of updated asset objects reloaded= 0
========================================================================
Received Prepare
Begin MonoManager ReloadAssembly
C:\build\output\Unity-Technologies\mono\mono\metadata\icall.c:1842:
C:\build\output\Unity-Technologies\mono\mono\metadata\icall.c:1842:
C:\build\output\Unity-Technologies\mono\mono\metadata\icall.c:1842:
C:\build\output\Unity-Technologies\mono\mono\metadata\icall.c:1842:
C:\build\output\Unity-Technologies\mono\mono\metadata\icall.c:1842:
C:\build\output\Unity-Technologies\mono\mono\metadata\icall.c:1842:
C:\build\output\Unity-Technologies\mono\mono\metadata\icall.c:1842:
C:\build\output\Unity-Technologies\mono\mono\metadata\icall.c:1842:
C:\build\output\Unity-Technologies\mono\mono\metadata\icall.c:1842:
C:\build\output\Unity-Technologies\mono\mono\metadata\icall.c:1842:
C:\build\output\Unity-Technologies\mono\mono\metadata\icall.c:1842:
C:\build\output\Unity-Technologies\mono\mono\metadata\icall.c:1842:
Symbol file LoadedFromMemory doesn't match image D:\UnityProject\QFrameworkLearnProject\AmorHero\AmorHero\Library\PackageCache\com.unity.visualscripting@1.8.0\Editor\VisualScripting.Core\Dependencies\YamlDotNet\Unity.VisualScripting.YamlDotNet.dll
Symbol file LoadedFromMemory doesn't match image D:\UnityProject\QFrameworkLearnProject\AmorHero\AmorHero\Library\PackageCache\com.unity.visualscripting@1.8.0\Editor\VisualScripting.Core\Dependencies\DotNetZip\Unity.VisualScripting.IonicZip.dll
- Loaded All Assemblies, in  0.785 seconds
Refreshing native plugins compatible for Editor in 0.91 ms, found 4 plugins.
Native extension for WindowsStandalone target not found
CreateSerializedAsset is not supported while importing out-of-process
UnityEngine.Debug:ExtractStackTraceNoAlloc (byte*,int,string)
UnityEngine.StackTraceUtility:ExtractStackTrace ()
UnityEditor.AssetDatabase:CreateAsset (UnityEngine.Object,string)
StartUp:CreatePropDataByExcel () (at Assets/Editor/ReadTable.cs:145)
StartUp:.cctor () (at Assets/Editor/ReadTable.cs:16)
System.Runtime.CompilerServices.RuntimeHelpers:RunClassConstructor (System.RuntimeTypeHandle)
UnityEditor.EditorAssemblies:ProcessInitializeOnLoadAttributes (System.Type[])

[Assets/Editor/ReadTable.cs line 145]

UnityEngine.UnityException: Creating asset at path Assets/Resource/Prop.asset failed.
  at (wrapper managed-to-native) UnityEditor.AssetDatabase.CreateAsset_Injected(intptr,UnityEngine.Bindings.ManagedSpanWrapper&)
  at UnityEditor.AssetDatabase.CreateAsset (UnityEngine.Object asset, System.String path) [0x0004d] in <2d48f4b436c04a3cb7166f19e93de59e>:0 
  at StartUp.CreatePropDataByExcel () [0x001b8] in D:\UnityProject\QFrameworkLearnProject\AmorHero\AmorHero\Assets\Editor\ReadTable.cs:145 
  at StartUp..cctor () [0x00000] in D:\UnityProject\QFrameworkLearnProject\AmorHero\AmorHero\Assets\Editor\ReadTable.cs:16 
UnityEngine.Debug:ExtractStackTraceNoAlloc (byte*,int,string)
UnityEngine.StackTraceUtility:ExtractStackTrace ()
UnityEngine.DebugLogHandler:Internal_Log (UnityEngine.LogType,UnityEngine.LogOption,string,UnityEngine.Object)
UnityEngine.DebugLogHandler:LogFormat (UnityEngine.LogType,UnityEngine.Object,string,object[])
UnityEngine.Logger:Log (UnityEngine.LogType,object)
UnityEngine.Debug:LogError (object)
UnityEditor.EditorAssemblies:ProcessInitializeOnLoadAttributes (System.Type[])

Mono: successfully reloaded assembly
- Finished resetting the current domain, in  0.945 seconds
Domain Reload Profiling: 1731ms
	BeginReloadAssembly (219ms)
		ExecutionOrderSort (0ms)
		DisableScriptedObjects (15ms)
		BackupInstance (0ms)
		ReleaseScriptingObjects (0ms)
		CreateAndSetChildDomain (54ms)
	RebuildCommonClasses (40ms)
	RebuildNativeTypeToScriptingClass (16ms)
	initialDomainReloadingComplete (30ms)
	LoadAllAssembliesAndSetupDomain (480ms)
		LoadAssemblies (368ms)
		RebuildTransferFunctionScriptingTraits (0ms)
		AnalyzeDomain (218ms)
			TypeCache.Refresh (10ms)
				TypeCache.ScanAssembly (0ms)
			BuildScriptInfoCaches (191ms)
			ResolveRequiredComponents (13ms)
	FinalizeReload (946ms)
		ReleaseScriptCaches (0ms)
		RebuildScriptCaches (0ms)
		SetupLoadedEditorAssemblies (692ms)
			LogAssemblyErrors (0ms)
			InitializePlatformSupportModulesInManaged (2ms)
			SetLoadedEditorAssemblies (4ms)
			BeforeProcessingInitializeOnLoad (81ms)
			ProcessInitializeOnLoadAttributes (480ms)
			ProcessInitializeOnLoadMethodAttributes (119ms)
			AfterProcessingInitializeOnLoad (5ms)
			EditorAssembliesLoaded (0ms)
		ExecutionOrderSort2 (0ms)
		AwakeInstancesAfterBackupRestoration (16ms)
Refreshing native plugins compatible for Editor in 0.83 ms, found 4 plugins.
Preloading 0 native plugins for Editor in 0.00 ms.
Unloading 21 Unused Serialized files (Serialized files now loaded: 0)
Unloading 7266 unused Assets / (5.8 MB). Loaded Objects now: 7980.
Memory consumption went from 174.6 MB to 168.8 MB.
Total: 10.591900 ms (FindLiveObjects: 0.939700 ms CreateObjectMapping: 1.450800 ms MarkObjects: 4.694100 ms  DeleteObjects: 3.506600 ms)

Prepare: number of updated asset objects reloaded= 0
========================================================================
Received Prepare
Begin MonoManager ReloadAssembly
C:\build\output\Unity-Technologies\mono\mono\metadata\icall.c:1842:
C:\build\output\Unity-Technologies\mono\mono\metadata\icall.c:1842:
C:\build\output\Unity-Technologies\mono\mono\metadata\icall.c:1842:
C:\build\output\Unity-Technologies\mono\mono\metadata\icall.c:1842:
C:\build\output\Unity-Technologies\mono\mono\metadata\icall.c:1842:
C:\build\output\Unity-Technologies\mono\mono\metadata\icall.c:1842:
C:\build\output\Unity-Technologies\mono\mono\metadata\icall.c:1842:
C:\build\output\Unity-Technologies\mono\mono\metadata\icall.c:1842:
C:\build\output\Unity-Technologies\mono\mono\metadata\icall.c:1842:
C:\build\output\Unity-Technologies\mono\mono\metadata\icall.c:1842:
C:\build\output\Unity-Technologies\mono\mono\metadata\icall.c:1842:
C:\build\output\Unity-Technologies\mono\mono\metadata\icall.c:1842:
Symbol file LoadedFromMemory doesn't match image D:\UnityProject\QFrameworkLearnProject\AmorHero\AmorHero\Library\PackageCache\com.unity.visualscripting@1.8.0\Editor\VisualScripting.Core\Dependencies\YamlDotNet\Unity.VisualScripting.YamlDotNet.dll
Symbol file LoadedFromMemory doesn't match image D:\UnityProject\QFrameworkLearnProject\AmorHero\AmorHero\Library\PackageCache\com.unity.visualscripting@1.8.0\Editor\VisualScripting.Core\Dependencies\DotNetZip\Unity.VisualScripting.IonicZip.dll
- Loaded All Assemblies, in  0.828 seconds
Refreshing native plugins compatible for Editor in 0.80 ms, found 4 plugins.
Native extension for WindowsStandalone target not found
CreateSerializedAsset is not supported while importing out-of-process
UnityEngine.Debug:ExtractStackTraceNoAlloc (byte*,int,string)
UnityEngine.StackTraceUtility:ExtractStackTrace ()
UnityEditor.AssetDatabase:CreateAsset (UnityEngine.Object,string)
StartUp:CreatePropDataByExcel () (at Assets/Editor/ReadTable.cs:145)
StartUp:.cctor () (at Assets/Editor/ReadTable.cs:16)
System.Runtime.CompilerServices.RuntimeHelpers:RunClassConstructor (System.RuntimeTypeHandle)
UnityEditor.EditorAssemblies:ProcessInitializeOnLoadAttributes (System.Type[])

[Assets/Editor/ReadTable.cs line 145]

UnityEngine.UnityException: Creating asset at path Assets/Resource/Prop.asset failed.
  at (wrapper managed-to-native) UnityEditor.AssetDatabase.CreateAsset_Injected(intptr,UnityEngine.Bindings.ManagedSpanWrapper&)
  at UnityEditor.AssetDatabase.CreateAsset (UnityEngine.Object asset, System.String path) [0x0004d] in <2d48f4b436c04a3cb7166f19e93de59e>:0 
  at StartUp.CreatePropDataByExcel () [0x001b8] in D:\UnityProject\QFrameworkLearnProject\AmorHero\AmorHero\Assets\Editor\ReadTable.cs:145 
  at StartUp..cctor () [0x00000] in D:\UnityProject\QFrameworkLearnProject\AmorHero\AmorHero\Assets\Editor\ReadTable.cs:16 
UnityEngine.Debug:ExtractStackTraceNoAlloc (byte*,int,string)
UnityEngine.StackTraceUtility:ExtractStackTrace ()
UnityEngine.DebugLogHandler:Internal_Log (UnityEngine.LogType,UnityEngine.LogOption,string,UnityEngine.Object)
UnityEngine.DebugLogHandler:LogFormat (UnityEngine.LogType,UnityEngine.Object,string,object[])
UnityEngine.Logger:Log (UnityEngine.LogType,object)
UnityEngine.Debug:LogError (object)
UnityEditor.EditorAssemblies:ProcessInitializeOnLoadAttributes (System.Type[])

Mono: successfully reloaded assembly
- Finished resetting the current domain, in  1.038 seconds
Domain Reload Profiling: 1867ms
	BeginReloadAssembly (237ms)
		ExecutionOrderSort (0ms)
		DisableScriptedObjects (14ms)
		BackupInstance (0ms)
		ReleaseScriptingObjects (0ms)
		CreateAndSetChildDomain (63ms)
	RebuildCommonClasses (39ms)
	RebuildNativeTypeToScriptingClass (16ms)
	initialDomainReloadingComplete (29ms)
	LoadAllAssembliesAndSetupDomain (507ms)
		LoadAssemblies (382ms)
		RebuildTransferFunctionScriptingTraits (0ms)
		AnalyzeDomain (238ms)
			TypeCache.Refresh (10ms)
				TypeCache.ScanAssembly (0ms)
			BuildScriptInfoCaches (211ms)
			ResolveRequiredComponents (13ms)
	FinalizeReload (1039ms)
		ReleaseScriptCaches (0ms)
		RebuildScriptCaches (0ms)
		SetupLoadedEditorAssemblies (762ms)
			LogAssemblyErrors (0ms)
			InitializePlatformSupportModulesInManaged (2ms)
			SetLoadedEditorAssemblies (4ms)
			BeforeProcessingInitializeOnLoad (76ms)
			ProcessInitializeOnLoadAttributes (539ms)
			ProcessInitializeOnLoadMethodAttributes (134ms)
			AfterProcessingInitializeOnLoad (6ms)
			EditorAssembliesLoaded (0ms)
		ExecutionOrderSort2 (0ms)
		AwakeInstancesAfterBackupRestoration (20ms)
Refreshing native plugins compatible for Editor in 1.14 ms, found 4 plugins.
Preloading 0 native plugins for Editor in 0.00 ms.
Unloading 21 Unused Serialized files (Serialized files now loaded: 0)
Unloading 7266 unused Assets / (5.8 MB). Loaded Objects now: 7981.
Memory consumption went from 178.5 MB to 172.7 MB.
Total: 14.798100 ms (FindLiveObjects: 1.349400 ms CreateObjectMapping: 1.856900 ms MarkObjects: 6.919700 ms  DeleteObjects: 4.671100 ms)

Prepare: number of updated asset objects reloaded= 0
========================================================================
Received Import Request.
  Time since last request: 60.268255 seconds.
  path: Assets/Scenes/TestUIPanels/TestHUDPanel.unity
  artifactKey: Guid(d98ca739fbf8cff46a7fc044cd930437) Importer(815301076,1909f56bfc062723c751e8b465ee728b)
Start importing Assets/Scenes/TestUIPanels/TestHUDPanel.unity using Guid(d98ca739fbf8cff46a7fc044cd930437) Importer(815301076,1909f56bfc062723c751e8b465ee728b) (PreviewImporter) -> (artifact id: '623516ca2872992d9d124e2f6668cef7') in 0.0215883 seconds
Number of updated asset objects reloaded before import = 0Number of asset objects unloaded after import = 0

========================================================================
Received Import Request.
  Time since last request: 0.757046 seconds.
  path: Assets/Scenes/TestUIPanels/TestPropShopPanel.unity
  artifactKey: Guid(8c57dd4da09d4d04a983c451048fc310) Importer(815301076,1909f56bfc062723c751e8b465ee728b)
Start importing Assets/Scenes/TestUIPanels/TestPropShopPanel.unity using Guid(8c57dd4da09d4d04a983c451048fc310) Importer(815301076,1909f56bfc062723c751e8b465ee728b) (PreviewImporter) -> (artifact id: 'c35cd7e6ae1fed51abfc466c39d3113a') in 0.0005502 seconds
Number of updated asset objects reloaded before import = 0Number of asset objects unloaded after import = 0

========================================================================
Received Import Request.
  Time since last request: 693.957486 seconds.
  path: Assets/RPGIconPack/spritesheet/spritesheet_16x16/spritesheet_16x16_80.png
  artifactKey: Guid(97f6613c36b8a0543ac2f3fae413c377) Importer(815301076,1909f56bfc062723c751e8b465ee728b)
Start importing Assets/RPGIconPack/spritesheet/spritesheet_16x16/spritesheet_16x16_80.png using Guid(97f6613c36b8a0543ac2f3fae413c377) Importer(815301076,1909f56bfc062723c751e8b465ee728b) (PreviewImporter) -> (artifact id: '075bf9acee01ae8d1fe955d246ed30e6') in 0.1003136 seconds
Number of updated asset objects reloaded before import = 0Number of asset objects unloaded after import = 3

========================================================================
Received Import Request.
  Time since last request: 0.000032 seconds.
  path: Assets/RPGIconPack/spritesheet/spritesheet_16x16/spritesheet_16x16_141.png
  artifactKey: Guid(ef20e93bb32f9e144b2e4152b72549c4) Importer(815301076,1909f56bfc062723c751e8b465ee728b)
Start importing Assets/RPGIconPack/spritesheet/spritesheet_16x16/spritesheet_16x16_141.png using Guid(ef20e93bb32f9e144b2e4152b72549c4) Importer(815301076,1909f56bfc062723c751e8b465ee728b) (PreviewImporter) -> (artifact id: '44434f2860f0538ac585acf27ae00411') in 0.0213218 seconds
Number of updated asset objects reloaded before import = 0Number of asset objects unloaded after import = 3

========================================================================
Received Import Request.
  Time since last request: 0.000016 seconds.
  path: Assets/RPGIconPack/spritesheet/spritesheet_16x16/spritesheet_16x16_131.png
  artifactKey: Guid(3cf64f5a8be6dd240830bc1ead4a0b10) Importer(815301076,1909f56bfc062723c751e8b465ee728b)
Start importing Assets/RPGIconPack/spritesheet/spritesheet_16x16/spritesheet_16x16_131.png using Guid(3cf64f5a8be6dd240830bc1ead4a0b10) Importer(815301076,1909f56bfc062723c751e8b465ee728b) (PreviewImporter) -> (artifact id: '7481ddb0795047bb19434b0f33c27a8d') in 0.016858 seconds
Number of updated asset objects reloaded before import = 0Number of asset objects unloaded after import = 3

========================================================================
Received Import Request.
  Time since last request: 0.000014 seconds.
  path: Assets/RPGIconPack/spritesheet/spritesheet_16x16/spritesheet_16x16_136.png
  artifactKey: Guid(ddf109b1326c00c45ae64eb1d5e7e623) Importer(815301076,1909f56bfc062723c751e8b465ee728b)
Start importing Assets/RPGIconPack/spritesheet/spritesheet_16x16/spritesheet_16x16_136.png using Guid(ddf109b1326c00c45ae64eb1d5e7e623) Importer(815301076,1909f56bfc062723c751e8b465ee728b) (PreviewImporter) -> (artifact id: '72c98734b0f86e518d2868f1b29de32a') in 0.0564405 seconds
Number of updated asset objects reloaded before import = 0Number of asset objects unloaded after import = 3

========================================================================
Received Import Request.
  Time since last request: 0.000020 seconds.
  path: Assets/RPGIconPack/spritesheet/spritesheet_16x16/spritesheet_16x16_255.png
  artifactKey: Guid(d41ccb7a046491f448c33a28469360fd) Importer(815301076,1909f56bfc062723c751e8b465ee728b)
Start importing Assets/RPGIconPack/spritesheet/spritesheet_16x16/spritesheet_16x16_255.png using Guid(d41ccb7a046491f448c33a28469360fd) Importer(815301076,1909f56bfc062723c751e8b465ee728b) (PreviewImporter) -> (artifact id: '51b511305efe2c9a42ec8f3bbcf3e2dc') in 0.0097152 seconds
Number of updated asset objects reloaded before import = 0Number of asset objects unloaded after import = 3

========================================================================
Received Import Request.
  Time since last request: 0.000022 seconds.
  path: Assets/RPGIconPack/spritesheet/spritesheet_16x16/spritesheet_16x16_140.png
  artifactKey: Guid(69da8a1a1a6a6fe48ace6c485322836e) Importer(815301076,1909f56bfc062723c751e8b465ee728b)
Start importing Assets/RPGIconPack/spritesheet/spritesheet_16x16/spritesheet_16x16_140.png using Guid(69da8a1a1a6a6fe48ace6c485322836e) Importer(815301076,1909f56bfc062723c751e8b465ee728b) (PreviewImporter) -> (artifact id: '7dd6df299a5a9c10a0208bdc7d744a26') in 0.0161527 seconds
Number of updated asset objects reloaded before import = 0Number of asset objects unloaded after import = 3

========================================================================
Received Import Request.
  Time since last request: 0.000018 seconds.
  path: Assets/RPGIconPack/spritesheet/spritesheet_16x16/spritesheet_16x16_139.png
  artifactKey: Guid(2b6175ef48d239345b92fe4814bfd7ee) Importer(815301076,1909f56bfc062723c751e8b465ee728b)
Start importing Assets/RPGIconPack/spritesheet/spritesheet_16x16/spritesheet_16x16_139.png using Guid(2b6175ef48d239345b92fe4814bfd7ee) Importer(815301076,1909f56bfc062723c751e8b465ee728b) (PreviewImporter) -> (artifact id: '7b3e38fe2a9bd7cdec07e45524d93da1') in 0.0092768 seconds
Number of updated asset objects reloaded before import = 0Number of asset objects unloaded after import = 3

========================================================================
Received Import Request.
  Time since last request: 0.000021 seconds.
  path: Assets/RPGIconPack/spritesheet/spritesheet_16x16/spritesheet_16x16_132.png
  artifactKey: Guid(8cea9bb15a7c30c498d658ecd25106db) Importer(815301076,1909f56bfc062723c751e8b465ee728b)
Start importing Assets/RPGIconPack/spritesheet/spritesheet_16x16/spritesheet_16x16_132.png using Guid(8cea9bb15a7c30c498d658ecd25106db) Importer(815301076,1909f56bfc062723c751e8b465ee728b) (PreviewImporter) -> (artifact id: 'e5e56dffc9bab025c71a0692555b6f8a') in 0.0086682 seconds
Number of updated asset objects reloaded before import = 0Number of asset objects unloaded after import = 3

========================================================================
Received Import Request.
  Time since last request: 0.000019 seconds.
  path: Assets/RPGIconPack/spritesheet/spritesheet_16x16/spritesheet_16x16_137.png
  artifactKey: Guid(d1bb3fdeeb3a2da4296ffb36ccd50f2d) Importer(815301076,1909f56bfc062723c751e8b465ee728b)
Start importing Assets/RPGIconPack/spritesheet/spritesheet_16x16/spritesheet_16x16_137.png using Guid(d1bb3fdeeb3a2da4296ffb36ccd50f2d) Importer(815301076,1909f56bfc062723c751e8b465ee728b) (PreviewImporter) -> (artifact id: 'bb86529a1d893628141bf94cee0f5178') in 0.0096732 seconds
Number of updated asset objects reloaded before import = 0Number of asset objects unloaded after import = 3

========================================================================
Received Import Request.
  Time since last request: 0.000023 seconds.
  path: Assets/RPGIconPack/spritesheet/spritesheet_16x16/spritesheet_16x16_83.png
  artifactKey: Guid(ec191cbdf3acd1f4e8909e8c4980fa64) Importer(815301076,1909f56bfc062723c751e8b465ee728b)
Start importing Assets/RPGIconPack/spritesheet/spritesheet_16x16/spritesheet_16x16_83.png using Guid(ec191cbdf3acd1f4e8909e8c4980fa64) Importer(815301076,1909f56bfc062723c751e8b465ee728b) (PreviewImporter) -> (artifact id: '842af03c7c2a6140df531e6185c25935') in 0.008022 seconds
Number of updated asset objects reloaded before import = 0Number of asset objects unloaded after import = 3

========================================================================
Received Import Request.
  Time since last request: 0.000013 seconds.
  path: Assets/RPGIconPack/spritesheet/spritesheet_16x16/spritesheet_16x16_261.png
  artifactKey: Guid(260feb87d9d23824d8dbd8f3047fb95b) Importer(815301076,1909f56bfc062723c751e8b465ee728b)
Start importing Assets/RPGIconPack/spritesheet/spritesheet_16x16/spritesheet_16x16_261.png using Guid(260feb87d9d23824d8dbd8f3047fb95b) Importer(815301076,1909f56bfc062723c751e8b465ee728b) (PreviewImporter) -> (artifact id: '14427b8d8c7058fa7e3be9cc79e81e89') in 0.0083032 seconds
Number of updated asset objects reloaded before import = 0Number of asset objects unloaded after import = 3

========================================================================
Received Import Request.
  Time since last request: 0.000016 seconds.
  path: Assets/RPGIconPack/spritesheet/spritesheet_16x16/spritesheet_16x16_138.png
  artifactKey: Guid(a3974bb0948922645858ce53c1263978) Importer(815301076,1909f56bfc062723c751e8b465ee728b)
Start importing Assets/RPGIconPack/spritesheet/spritesheet_16x16/spritesheet_16x16_138.png using Guid(a3974bb0948922645858ce53c1263978) Importer(815301076,1909f56bfc062723c751e8b465ee728b) (PreviewImporter) -> (artifact id: '1d1307bc74f9cf4ef97c0b6870cdb981') in 0.0074702 seconds
Number of updated asset objects reloaded before import = 0Number of asset objects unloaded after import = 3

========================================================================
Received Import Request.
  Time since last request: 0.000016 seconds.
  path: Assets/RPGIconPack/spritesheet/spritesheet_16x16/spritesheet_16x16_130.png
  artifactKey: Guid(60fcbbec6a3314c4896c235a9b6c2ec4) Importer(815301076,1909f56bfc062723c751e8b465ee728b)
Start importing Assets/RPGIconPack/spritesheet/spritesheet_16x16/spritesheet_16x16_130.png using Guid(60fcbbec6a3314c4896c235a9b6c2ec4) Importer(815301076,1909f56bfc062723c751e8b465ee728b) (PreviewImporter) -> (artifact id: '3088c8d1f0aab7a6f03f8c210d48e23d') in 0.0070076 seconds
Number of updated asset objects reloaded before import = 0Number of asset objects unloaded after import = 3

========================================================================
Received Import Request.
  Time since last request: 0.000014 seconds.
  path: Assets/RPGIconPack/spritesheet/spritesheet_16x16/spritesheet_16x16_260.png
  artifactKey: Guid(9440b15ddc40b8941a148d66a380f182) Importer(815301076,1909f56bfc062723c751e8b465ee728b)
Start importing Assets/RPGIconPack/spritesheet/spritesheet_16x16/spritesheet_16x16_260.png using Guid(9440b15ddc40b8941a148d66a380f182) Importer(815301076,1909f56bfc062723c751e8b465ee728b) (PreviewImporter) -> (artifact id: '2139c070df73ed8a0345260d9553386d') in 0.0084978 seconds
Number of updated asset objects reloaded before import = 0Number of asset objects unloaded after import = 3

Editor requested this worker to shutdown with reason: Scaling down because of idle timeout
AssetImportWorker is now disconnected from the server
Process exiting
Exiting without the bug reporter. Application will terminate with return code 0